Using pre-set license
Built from '2022.3/release' branch; Version is '2022.3.18f1 (d29bea25151d) revision 13802474'; Using compiler version '192829333'; Build Type 'Release'
OS: 'Windows 11  (10.0.22635) 64bit Core' Language: 'en' Physical Memory: 32661 MB
BatchMode: 1, IsHumanControllingUs: 0, StartBugReporterOnCrash: 0, Is64bit: 1, IsPro: 1

COMMAND LINE ARGUMENTS:
C:\Program Files\Unity\Hub\Editor\2022.3.18f1\Editor\Unity.exe
-adb2
-batchMode
-noUpm
-name
AssetImportWorker0
-projectPath
G:/software/New New/Super-Putt
-logFile
Logs/AssetImportWorker0.log
-srvPort
62325
Successfully changed project path to: G:/software/New New/Super-Putt
G:/software/New New/Super-Putt
[UnityMemory] Configuration Parameters - Can be set up in boot.config
    "memorysetup-bucket-allocator-granularity=16"
    "memorysetup-bucket-allocator-bucket-count=8"
    "memorysetup-bucket-allocator-block-size=33554432"
    "memorysetup-bucket-allocator-block-count=8"
    "memorysetup-main-allocator-block-size=16777216"
    "memorysetup-thread-allocator-block-size=16777216"
    "memorysetup-gfx-main-allocator-block-size=16777216"
    "memorysetup-gfx-thread-allocator-block-size=16777216"
    "memorysetup-cache-allocator-block-size=4194304"
    "memorysetup-typetree-allocator-block-size=2097152"
    "memorysetup-profiler-bucket-allocator-granularity=16"
    "memorysetup-profiler-bucket-allocator-bucket-count=8"
    "memorysetup-profiler-bucket-allocator-block-size=33554432"
    "memorysetup-profiler-bucket-allocator-block-count=8"
    "memorysetup-profiler-allocator-block-size=16777216"
    "memorysetup-profiler-editor-allocator-block-size=1048576"
    "memorysetup-temp-allocator-size-main=16777216"
    "memorysetup-job-temp-allocator-block-size=2097152"
    "memorysetup-job-temp-allocator-block-size-background=1048576"
    "memorysetup-job-temp-allocator-reduction-small-platforms=262144"
    "memorysetup-allocator-temp-initial-block-size-main=262144"
    "memorysetup-allocator-temp-initial-block-size-worker=262144"
    "memorysetup-temp-allocator-size-background-worker=32768"
    "memorysetup-temp-allocator-size-job-worker=262144"
    "memorysetup-temp-allocator-size-preload-manager=33554432"
    "memorysetup-temp-allocator-size-nav-mesh-worker=65536"
    "memorysetup-temp-allocator-size-audio-worker=65536"
    "memorysetup-temp-allocator-size-cloud-worker=32768"
    "memorysetup-temp-allocator-size-gi-baking-worker=262144"
    "memorysetup-temp-allocator-size-gfx=262144"
Player connection [9676] Host "[IP] 26.99.188.190 [Port] 0 [Flags] 2 [Guid] 2654566175 [EditorId] 2654566175 [Version] 1048832 [Id] WindowsEditor(7,DESKTOP-4F2TQM7) [Debug] 1 [PackageName] WindowsEditor [ProjectName] Editor" joined multi-casting on [225.0.0.222:54997]...

Player connection [9676] Host "[IP] 26.99.188.190 [Port] 0 [Flags] 2 [Guid] 2654566175 [EditorId] 2654566175 [Version] 1048832 [Id] WindowsEditor(7,DESKTOP-4F2TQM7) [Debug] 1 [PackageName] WindowsEditor [ProjectName] Editor" joined alternative multi-casting on [225.0.0.222:34997]...

[Physics::Module] Initialized MultithreadedJobDispatcher with 19 workers.
Refreshing native plugins compatible for Editor in 9.53 ms, found 3 plugins.
Preloading 0 native plugins for Editor in 0.00 ms.
Initialize engine version: 2022.3.18f1 (d29bea25151d)
[Subsystems] Discovering subsystems at path C:/Program Files/Unity/Hub/Editor/2022.3.18f1/Editor/Data/Resources/UnitySubsystems
[Subsystems] Discovering subsystems at path G:/software/New New/Super-Putt/Assets
GfxDevice: creating device client; threaded=0; jobified=0
Direct3D:
    Version:  Direct3D 11.0 [level 11.1]
    Renderer: NVIDIA GeForce RTX 3080 (ID=0x2216)
    Vendor:   NVIDIA
    VRAM:     10053 MB
    Driver:   32.0.15.6070
Initialize mono
Mono path[0] = 'C:/Program Files/Unity/Hub/Editor/2022.3.18f1/Editor/Data/Managed'
Mono path[1] = 'C:/Program Files/Unity/Hub/Editor/2022.3.18f1/Editor/Data/MonoBleedingEdge/lib/mono/unityjit-win32'
Mono config path = 'C:/Program Files/Unity/Hub/Editor/2022.3.18f1/Editor/Data/MonoBleedingEdge/etc'
Using monoOptions --debugger-agent=transport=dt_socket,embedding=1,server=y,suspend=n,address=127.0.0.1:56940
Begin MonoManager ReloadAssembly
Registering precompiled unity dll's ...
Register platform support module: C:/Program Files/Unity/Hub/Editor/2022.3.18f1/Editor/Data/PlaybackEngines/AndroidPlayer/UnityEditor.Android.Extensions.dll
Register platform support module: C:/Program Files/Unity/Hub/Editor/2022.3.18f1/Editor/Data/PlaybackEngines/WindowsStandaloneSupport/UnityEditor.WindowsStandalone.Extensions.dll
Registered in 0.011193 seconds.
- Loaded All Assemblies, in  0.516 seconds
Native extension for WindowsStandalone target not found
Native extension for Android target not found
Android Extension - Scanning For ADB Devices 287 ms
Mono: successfully reloaded assembly
- Finished resetting the current domain, in  0.746 seconds
Domain Reload Profiling: 1261ms
	BeginReloadAssembly (161ms)
		ExecutionOrderSort (0ms)
		DisableScriptedObjects (0ms)
		BackupInstance (0ms)
		ReleaseScriptingObjects (0ms)
		CreateAndSetChildDomain (1ms)
	RebuildCommonClasses (53ms)
	RebuildNativeTypeToScriptingClass (14ms)
	initialDomainReloadingComplete (78ms)
	LoadAllAssembliesAndSetupDomain (206ms)
		LoadAssemblies (161ms)
		RebuildTransferFunctionScriptingTraits (0ms)
		AnalyzeDomain (202ms)
			TypeCache.Refresh (201ms)
				TypeCache.ScanAssembly (182ms)
			ScanForSourceGeneratedMonoScriptInfo (0ms)
			ResolveRequiredComponents (1ms)
	FinalizeReload (747ms)
		ReleaseScriptCaches (0ms)
		RebuildScriptCaches (0ms)
		SetupLoadedEditorAssemblies (663ms)
			LogAssemblyErrors (0ms)
			InitializePlatformSupportModulesInManaged (452ms)
			SetLoadedEditorAssemblies (5ms)
			RefreshPlugins (0ms)
			BeforeProcessingInitializeOnLoad (3ms)
			ProcessInitializeOnLoadAttributes (139ms)
			ProcessInitializeOnLoadMethodAttributes (64ms)
			AfterProcessingInitializeOnLoad (0ms)
			EditorAssembliesLoaded (0ms)
		ExecutionOrderSort2 (0ms)
		AwakeInstancesAfterBackupRestoration (0ms)
========================================================================
Worker process is ready to serve import requests
Begin MonoManager ReloadAssembly
- Loaded All Assemblies, in  0.791 seconds
Refreshing native plugins compatible for Editor in 2.93 ms, found 3 plugins.
Native extension for WindowsStandalone target not found
Native extension for Android target not found
Package Manager log level set to [2]
[Package Manager] Server::EnsureServerProcessIsRunning -- launch failed, reason: Unity was launched with the -noUpm command-line argument
[Package Manager] UpmClient::Send -- Unable to send message (not connected to UPM process).
[Package Manager] Cannot connect to Unity Package Manager local server
Mono: successfully reloaded assembly
[Package Manager] Server::EnsureServerProcessIsRunning -- launch failed, reason: Unity was launched with the -noUpm command-line argument
[Package Manager] UpmClient::Send -- Unable to send message (not connected to UPM process).
[Package Manager] Cannot connect to Unity Package Manager local server
[Package Manager] Server::EnsureServerProcessIsRunning -- launch failed, reason: Unity was launched with the -noUpm command-line argument
[Package Manager] UpmClient::Send -- Unable to send message (not connected to UPM process).
[Package Manager] Cannot connect to Unity Package Manager local server
- Finished resetting the current domain, in  1.216 seconds
Domain Reload Profiling: 2005ms
	BeginReloadAssembly (178ms)
		ExecutionOrderSort (0ms)
		DisableScriptedObjects (8ms)
		BackupInstance (0ms)
		ReleaseScriptingObjects (0ms)
		CreateAndSetChildDomain (24ms)
	RebuildCommonClasses (47ms)
	RebuildNativeTypeToScriptingClass (15ms)
	initialDomainReloadingComplete (54ms)
	LoadAllAssembliesAndSetupDomain (494ms)
		LoadAssemblies (372ms)
		RebuildTransferFunctionScriptingTraits (0ms)
		AnalyzeDomain (224ms)
			TypeCache.Refresh (194ms)
				TypeCache.ScanAssembly (170ms)
			ScanForSourceGeneratedMonoScriptInfo (22ms)
			ResolveRequiredComponents (7ms)
	FinalizeReload (1216ms)
		ReleaseScriptCaches (0ms)
		RebuildScriptCaches (0ms)
		SetupLoadedEditorAssemblies (986ms)
			LogAssemblyErrors (0ms)
			InitializePlatformSupportModulesInManaged (34ms)
			SetLoadedEditorAssemblies (6ms)
			RefreshPlugins (0ms)
			BeforeProcessingInitializeOnLoad (119ms)
			ProcessInitializeOnLoadAttributes (790ms)
			ProcessInitializeOnLoadMethodAttributes (28ms)
			AfterProcessingInitializeOnLoad (10ms)
			EditorAssembliesLoaded (0ms)
		ExecutionOrderSort2 (0ms)
		AwakeInstancesAfterBackupRestoration (8ms)
Launched and connected shader compiler UnityShaderCompiler.exe after 0.06 seconds
Refreshing native plugins compatible for Editor in 5.10 ms, found 3 plugins.
Preloading 0 native plugins for Editor in 0.00 ms.
Unloading 3221 Unused Serialized files (Serialized files now loaded: 0)
Unloading 43 unused Assets / (62.8 KB). Loaded Objects now: 3675.
Memory consumption went from 134.1 MB to 134.0 MB.
Total: 5.443100 ms (FindLiveObjects: 0.327700 ms CreateObjectMapping: 0.312000 ms MarkObjects: 4.659000 ms  DeleteObjects: 0.143000 ms)

AssetImportParameters requested are different than current active one (requested -> active):
  custom:container-demuxer-ogg: 62fdf1f143b41e24485cea50d1cbac27 -> 
  custom:video-decoder-ogg-theora: a1e56fd34408186e4bbccfd4996cb3dc -> 
  custom:framework-win-MediaFoundation: 216162199b28c13a410421893ffa2e32 -> 
  custom:CustomObjectIndexerAttribute: 6d391050e5a25f67b0a2c618074f2cd9 -> 
  custom:container-demuxer-webm: 4f35f7cbe854078d1ac9338744f61a02 -> 
  custom:container-muxer-webm: aa71ff27fc2769a1b78a27578f13a17b -> 
  custom:video-decoder-webm-vp8: 9c59270c3fd7afecdb556c50c9e8de78 -> 
  custom:SearchIndexIgnoredProperties: e643bd26f0fe6173181afceb89e7c659 -> 
  custom:AudioImporter_EditorPlatform: d09bf68614088b80899f8185d706f6e7 -> 
  custom:video-encoder-webm-vp8: eb34c28f22e8b96e1ab97ce403110664 -> 
  custom:audio-decoder-ogg-vorbis: bf7c407c2cedff20999df2af8eb42d56 -> 
  custom:audio-encoder-webm-vorbis: bf7c407c2cedff20999df2af8eb42d56 -> 
========================================================================
Received Import Request.
  Time since last request: 20212.976884 seconds.
  path: Assets/Readme.asset
  artifactKey: Guid(7f2c382dc2c22446db59030979f6e495) Importer(815301076,1909f56bfc062723c751e8b465ee728b)
Start importing Assets/Readme.asset using Guid(7f2c382dc2c22446db59030979f6e495) Importer(815301076,1909f56bfc062723c751e8b465ee728b)  -> (artifact id: 'f564e7b629a9c8f86b7c04e798340ba9') in 0.018258 seconds
Number of updated asset objects reloaded before import = 0
Number of asset objects unloaded after import = 2
========================================================================
Received Import Request.
  Time since last request: 47.039235 seconds.
  path: Assets/FIXED PIECES
  artifactKey: Guid(a4d6258e77e545544a3467529cef2a12) Importer(815301076,1909f56bfc062723c751e8b465ee728b)
Start importing Assets/FIXED PIECES using Guid(a4d6258e77e545544a3467529cef2a12) Importer(815301076,1909f56bfc062723c751e8b465ee728b)  -> (artifact id: 'a9f31710b8fc1751d4543e79197b21ba') in 0.000476 seconds
Number of updated asset objects reloaded before import = 0
Number of asset objects unloaded after import = 0
========================================================================
Received Import Request.
  Time since last request: 5355.924853 seconds.
  path: Assets/Assets
  artifactKey: Guid(f3e22412b8f85f54db253d5ef55334f0) Importer(815301076,1909f56bfc062723c751e8b465ee728b)
Start importing Assets/Assets using Guid(f3e22412b8f85f54db253d5ef55334f0) Importer(815301076,1909f56bfc062723c751e8b465ee728b)  -> (artifact id: '8facaa0bed52429b75d03fd4692b9b72') in 0.007387 seconds
Number of updated asset objects reloaded before import = 0
Number of asset objects unloaded after import = 0
========================================================================
Received Import Request.
  Time since last request: 0.070994 seconds.
  path: Assets/Assets/Lego1.fbx
  artifactKey: Guid(20cb1f0405c704d44a327eae8de714cd) Importer(815301076,1909f56bfc062723c751e8b465ee728b)
Start importing Assets/Assets/Lego1.fbx using Guid(20cb1f0405c704d44a327eae8de714cd) Importer(815301076,1909f56bfc062723c751e8b465ee728b)  -> (artifact id: '3aba88936ed3e4e13801ce5eea5025ae') in 0.301146 seconds
Number of updated asset objects reloaded before import = 0
Number of asset objects unloaded after import = 16
========================================================================
Received Import Request.
  Time since last request: 0.000017 seconds.
  path: Assets/Assets/Lego8.fbx
  artifactKey: Guid(2542718aa97f7844f8ead147e83d4535) Importer(815301076,1909f56bfc062723c751e8b465ee728b)
Start importing Assets/Assets/Lego8.fbx using Guid(2542718aa97f7844f8ead147e83d4535) Importer(815301076,1909f56bfc062723c751e8b465ee728b)  -> (artifact id: '104a7d4ae42b4bff156e09801f331dd8') in 0.039001 seconds
Number of updated asset objects reloaded before import = 0
Number of asset objects unloaded after import = 16
========================================================================
Received Import Request.
  Time since last request: 0.000025 seconds.
  path: Assets/Assets/Lego9.fbx
  artifactKey: Guid(595a209f2bb32be43ad29ae812ee0727) Importer(815301076,1909f56bfc062723c751e8b465ee728b)
Start importing Assets/Assets/Lego9.fbx using Guid(595a209f2bb32be43ad29ae812ee0727) Importer(815301076,1909f56bfc062723c751e8b465ee728b)  -> (artifact id: '196759c642be25192e2a9b1f20852773') in 0.059561 seconds
Number of updated asset objects reloaded before import = 0
Number of asset objects unloaded after import = 27
========================================================================
Received Import Request.
  Time since last request: 0.000015 seconds.
  path: Assets/Assets/Lego6.fbx
  artifactKey: Guid(052d8f286ff25514fb31c316b3af6def) Importer(815301076,1909f56bfc062723c751e8b465ee728b)
Start importing Assets/Assets/Lego6.fbx using Guid(052d8f286ff25514fb31c316b3af6def) Importer(815301076,1909f56bfc062723c751e8b465ee728b)  -> (artifact id: '9213d3522eb1b339c8b75c66e8346ad0') in 0.048980 seconds
Number of updated asset objects reloaded before import = 0
Number of asset objects unloaded after import = 21
========================================================================
Received Import Request.
  Time since last request: 0.000014 seconds.
  path: Assets/Assets/TestCornerfix2.fbx
  artifactKey: Guid(d87dae09a323af04fb0f4d48fe55f2a3) Importer(815301076,1909f56bfc062723c751e8b465ee728b)
Start importing Assets/Assets/TestCornerfix2.fbx using Guid(d87dae09a323af04fb0f4d48fe55f2a3) Importer(815301076,1909f56bfc062723c751e8b465ee728b)  -> (artifact id: 'dc6c903bd5fbcb418e84aef118278763') in 0.045514 seconds
Number of updated asset objects reloaded before import = 0
Number of asset objects unloaded after import = 17
========================================================================
Received Import Request.
  Time since last request: 0.000012 seconds.
  path: Assets/Assets/Lego7.fbx
  artifactKey: Guid(2dba105a246e25a46918077eb8d59849) Importer(815301076,1909f56bfc062723c751e8b465ee728b)
Start importing Assets/Assets/Lego7.fbx using Guid(2dba105a246e25a46918077eb8d59849) Importer(815301076,1909f56bfc062723c751e8b465ee728b)  -> (artifact id: '73a0f71c0471712d5d9ecf6baf320752') in 0.037951 seconds
Number of updated asset objects reloaded before import = 0
Number of asset objects unloaded after import = 8
========================================================================
Received Import Request.
  Time since last request: 0.000020 seconds.
  path: Assets/Assets/TestCornerfix.fbx
  artifactKey: Guid(a6a319b3370170b409d1f91f676f9a92) Importer(815301076,1909f56bfc062723c751e8b465ee728b)
Start importing Assets/Assets/TestCornerfix.fbx using Guid(a6a319b3370170b409d1f91f676f9a92) Importer(815301076,1909f56bfc062723c751e8b465ee728b)  -> (artifact id: 'cc76d7407ba99ca83cb6f0726f6ad4e7') in 0.056450 seconds
Number of updated asset objects reloaded before import = 0
Number of asset objects unloaded after import = 17
========================================================================
Received Import Request.
  Time since last request: 17.971805 seconds.
  path: Assets/Assets/NewLegosFix/NewLego3.fbx
  artifactKey: Guid(878a6ae6199aa5d40bd06fbcd3b3dd25) Importer(815301076,1909f56bfc062723c751e8b465ee728b)
Start importing Assets/Assets/NewLegosFix/NewLego3.fbx using Guid(878a6ae6199aa5d40bd06fbcd3b3dd25) Importer(815301076,1909f56bfc062723c751e8b465ee728b)  -> (artifact id: '79127982a55759f42e0d68bfa304fd86') in 0.034283 seconds
Number of updated asset objects reloaded before import = 0
Number of asset objects unloaded after import = 16
========================================================================
Received Import Request.
  Time since last request: 0.000017 seconds.
  path: Assets/Assets/NewLegosFix/NewLego8.fbx
  artifactKey: Guid(7a815bdceda75264f91f1e1be14a8561) Importer(815301076,1909f56bfc062723c751e8b465ee728b)
Start importing Assets/Assets/NewLegosFix/NewLego8.fbx using Guid(7a815bdceda75264f91f1e1be14a8561) Importer(815301076,1909f56bfc062723c751e8b465ee728b)  -> (artifact id: '95b4e3951379cc7cd26e2a9e56fe2b43') in 0.075920 seconds
Number of updated asset objects reloaded before import = 0
Number of asset objects unloaded after import = 33
========================================================================
Received Import Request.
  Time since last request: 0.000019 seconds.
  path: Assets/Assets/NewLegosFix/NewLego7.fbx
  artifactKey: Guid(bbc6e95b8a2045c4189634bb8153d7ee) Importer(815301076,1909f56bfc062723c751e8b465ee728b)
Start importing Assets/Assets/NewLegosFix/NewLego7.fbx using Guid(bbc6e95b8a2045c4189634bb8153d7ee) Importer(815301076,1909f56bfc062723c751e8b465ee728b)  -> (artifact id: '69cfce8676b050b15c7349ba8674cd62') in 0.037536 seconds
Number of updated asset objects reloaded before import = 0
Number of asset objects unloaded after import = 16
Editor requested this worker to shutdown with reason: Scaling down because of idle timeout
TcpMessagingSession - receive error: operation aborted. errorcode: 995, details: The I/O operation has been aborted because of either a thread exit or an application request.
AssetImportWorker is now disconnected from the server
Process exiting
Exiting without the bug reporter. Application will terminate with return code 0