Using pre-set license
Built from '2022.3/release' branch; Version is '2022.3.18f1 (d29bea25151d) revision 13802474'; Using compiler version '192829333'; Build Type 'Release'
OS: 'Windows 11  (10.0.22631) 64bit Core' Language: 'en' Physical Memory: 14188 MB
BatchMode: 1, IsHumanControllingUs: 0, StartBugReporterOnCrash: 0, Is64bit: 1, IsPro: 1

COMMAND LINE ARGUMENTS:
C:\Program Files\Unity\Hub\Editor\2022.3.18f1\Editor\Unity.exe
-adb2
-batchMode
-noUpm
-name
AssetImportWorker4
-projectPath
C:/Users/conne/OneDrive/Documents/GitHub/Super-Putt
-logFile
Logs/AssetImportWorker4.log
-srvPort
59173
Successfully changed project path to: C:/Users/conne/OneDrive/Documents/GitHub/Super-Putt
C:/Users/conne/OneDrive/Documents/GitHub/Super-Putt
[UnityMemory] Configuration Parameters - Can be set up in boot.config
    "memorysetup-bucket-allocator-granularity=16"
    "memorysetup-bucket-allocator-bucket-count=8"
    "memorysetup-bucket-allocator-block-size=33554432"
    "memorysetup-bucket-allocator-block-count=8"
    "memorysetup-main-allocator-block-size=16777216"
    "memorysetup-thread-allocator-block-size=16777216"
    "memorysetup-gfx-main-allocator-block-size=16777216"
    "memorysetup-gfx-thread-allocator-block-size=16777216"
    "memorysetup-cache-allocator-block-size=4194304"
    "memorysetup-typetree-allocator-block-size=2097152"
    "memorysetup-profiler-bucket-allocator-granularity=16"
    "memorysetup-profiler-bucket-allocator-bucket-count=8"
    "memorysetup-profiler-bucket-allocator-block-size=33554432"
    "memorysetup-profiler-bucket-allocator-block-count=8"
    "memorysetup-profiler-allocator-block-size=16777216"
    "memorysetup-profiler-editor-allocator-block-size=1048576"
    "memorysetup-temp-allocator-size-main=16777216"
    "memorysetup-job-temp-allocator-block-size=2097152"
    "memorysetup-job-temp-allocator-block-size-background=1048576"
    "memorysetup-job-temp-allocator-reduction-small-platforms=262144"
    "memorysetup-allocator-temp-initial-block-size-main=262144"
    "memorysetup-allocator-temp-initial-block-size-worker=262144"
    "memorysetup-temp-allocator-size-background-worker=32768"
    "memorysetup-temp-allocator-size-job-worker=262144"
    "memorysetup-temp-allocator-size-preload-manager=33554432"
    "memorysetup-temp-allocator-size-nav-mesh-worker=65536"
    "memorysetup-temp-allocator-size-audio-worker=65536"
    "memorysetup-temp-allocator-size-cloud-worker=32768"
    "memorysetup-temp-allocator-size-gi-baking-worker=262144"
    "memorysetup-temp-allocator-size-gfx=262144"
Player connection [20964] Host "[IP] 10.3.2.74 [Port] 0 [Flags] 2 [Guid] 3775406242 [EditorId] 3775406242 [Version] 1048832 [Id] WindowsEditor(7,LAPTOP-EC65Q6H9) [Debug] 1 [PackageName] WindowsEditor [ProjectName] Editor" joined multi-casting on [225.0.0.222:54997]...

Player connection [20964] Host "[IP] 10.3.2.74 [Port] 0 [Flags] 2 [Guid] 3775406242 [EditorId] 3775406242 [Version] 1048832 [Id] WindowsEditor(7,LAPTOP-EC65Q6H9) [Debug] 1 [PackageName] WindowsEditor [ProjectName] Editor" joined alternative multi-casting on [225.0.0.222:34997]...

[Physics::Module] Initialized MultithreadedJobDispatcher with 15 workers.
Refreshing native plugins compatible for Editor in 17.23 ms, found 3 plugins.
Preloading 0 native plugins for Editor in 0.00 ms.
Initialize engine version: 2022.3.18f1 (d29bea25151d)
[Subsystems] Discovering subsystems at path C:/Program Files/Unity/Hub/Editor/2022.3.18f1/Editor/Data/Resources/UnitySubsystems
[Subsystems] Discovering subsystems at path C:/Users/conne/OneDrive/Documents/GitHub/Super-Putt/Assets
GfxDevice: creating device client; threaded=0; jobified=0
Direct3D:
    Version:  Direct3D 11.0 [level 11.1]
    Renderer: NVIDIA GeForce RTX 3050 Laptop GPU (ID=0x25a2)
    Vendor:   NVIDIA
    VRAM:     3965 MB
    Driver:   32.0.15.5599
Initialize mono
Mono path[0] = 'C:/Program Files/Unity/Hub/Editor/2022.3.18f1/Editor/Data/Managed'
Mono path[1] = 'C:/Program Files/Unity/Hub/Editor/2022.3.18f1/Editor/Data/MonoBleedingEdge/lib/mono/unityjit-win32'
Mono config path = 'C:/Program Files/Unity/Hub/Editor/2022.3.18f1/Editor/Data/MonoBleedingEdge/etc'
Using monoOptions --debugger-agent=transport=dt_socket,embedding=1,server=y,suspend=n,address=127.0.0.1:56016
Begin MonoManager ReloadAssembly
Registering precompiled unity dll's ...
Register platform support module: C:/Program Files/Unity/Hub/Editor/2022.3.18f1/Editor/Data/PlaybackEngines/WebGLSupport/UnityEditor.WebGL.Extensions.dll
Register platform support module: C:/Program Files/Unity/Hub/Editor/2022.3.18f1/Editor/Data/PlaybackEngines/AndroidPlayer/UnityEditor.Android.Extensions.dll
Register platform support module: C:/Program Files/Unity/Hub/Editor/2022.3.18f1/Editor/Data/PlaybackEngines/WindowsStandaloneSupport/UnityEditor.WindowsStandalone.Extensions.dll
Registered in 0.010527 seconds.
- Loaded All Assemblies, in  0.378 seconds
Native extension for WindowsStandalone target not found
Native extension for Android target not found
Android Extension - Scanning For ADB Devices 366 ms
Native extension for WebGL target not found
Mono: successfully reloaded assembly
- Finished resetting the current domain, in  0.785 seconds
Domain Reload Profiling: 1162ms
	BeginReloadAssembly (129ms)
		ExecutionOrderSort (0ms)
		DisableScriptedObjects (0ms)
		BackupInstance (0ms)
		ReleaseScriptingObjects (0ms)
		CreateAndSetChildDomain (1ms)
	RebuildCommonClasses (35ms)
	RebuildNativeTypeToScriptingClass (9ms)
	initialDomainReloadingComplete (61ms)
	LoadAllAssembliesAndSetupDomain (141ms)
		LoadAssemblies (127ms)
		RebuildTransferFunctionScriptingTraits (0ms)
		AnalyzeDomain (139ms)
			TypeCache.Refresh (137ms)
				TypeCache.ScanAssembly (125ms)
			ScanForSourceGeneratedMonoScriptInfo (0ms)
			ResolveRequiredComponents (0ms)
	FinalizeReload (786ms)
		ReleaseScriptCaches (0ms)
		RebuildScriptCaches (0ms)
		SetupLoadedEditorAssemblies (719ms)
			LogAssemblyErrors (0ms)
			InitializePlatformSupportModulesInManaged (499ms)
			SetLoadedEditorAssemblies (5ms)
			RefreshPlugins (0ms)
			BeforeProcessingInitializeOnLoad (3ms)
			ProcessInitializeOnLoadAttributes (141ms)
			ProcessInitializeOnLoadMethodAttributes (71ms)
			AfterProcessingInitializeOnLoad (0ms)
			EditorAssembliesLoaded (0ms)
		ExecutionOrderSort2 (0ms)
		AwakeInstancesAfterBackupRestoration (0ms)
========================================================================
Worker process is ready to serve import requests
Begin MonoManager ReloadAssembly
- Loaded All Assemblies, in  0.704 seconds
Refreshing native plugins compatible for Editor in 7.77 ms, found 3 plugins.
Native extension for WindowsStandalone target not found
Native extension for Android target not found
Native extension for WebGL target not found
Package Manager log level set to [2]
[Package Manager] Server::EnsureServerProcessIsRunning -- launch failed, reason: Unity was launched with the -noUpm command-line argument
[Package Manager] UpmClient::Send -- Unable to send message (not connected to UPM process).
[Package Manager] Cannot connect to Unity Package Manager local server
Mono: successfully reloaded assembly
[Package Manager] Server::EnsureServerProcessIsRunning -- launch failed, reason: Unity was launched with the -noUpm command-line argument
[Package Manager] UpmClient::Send -- Unable to send message (not connected to UPM process).
[Package Manager] Cannot connect to Unity Package Manager local server
[Package Manager] Server::EnsureServerProcessIsRunning -- launch failed, reason: Unity was launched with the -noUpm command-line argument
[Package Manager] UpmClient::Send -- Unable to send message (not connected to UPM process).
[Package Manager] Cannot connect to Unity Package Manager local server
- Finished resetting the current domain, in  0.723 seconds
Domain Reload Profiling: 1424ms
	BeginReloadAssembly (171ms)
		ExecutionOrderSort (0ms)
		DisableScriptedObjects (5ms)
		BackupInstance (0ms)
		ReleaseScriptingObjects (0ms)
		CreateAndSetChildDomain (31ms)
	RebuildCommonClasses (29ms)
	RebuildNativeTypeToScriptingClass (9ms)
	initialDomainReloadingComplete (45ms)
	LoadAllAssembliesAndSetupDomain (447ms)
		LoadAssemblies (413ms)
		RebuildTransferFunctionScriptingTraits (0ms)
		AnalyzeDomain (138ms)
			TypeCache.Refresh (118ms)
				TypeCache.ScanAssembly (101ms)
			ScanForSourceGeneratedMonoScriptInfo (16ms)
			ResolveRequiredComponents (4ms)
	FinalizeReload (724ms)
		ReleaseScriptCaches (0ms)
		RebuildScriptCaches (0ms)
		SetupLoadedEditorAssemblies (541ms)
			LogAssemblyErrors (0ms)
			InitializePlatformSupportModulesInManaged (29ms)
			SetLoadedEditorAssemblies (5ms)
			RefreshPlugins (0ms)
			BeforeProcessingInitializeOnLoad (95ms)
			ProcessInitializeOnLoadAttributes (385ms)
			ProcessInitializeOnLoadMethodAttributes (19ms)
			AfterProcessingInitializeOnLoad (8ms)
			EditorAssembliesLoaded (0ms)
		ExecutionOrderSort2 (0ms)
		AwakeInstancesAfterBackupRestoration (6ms)
Launched and connected shader compiler UnityShaderCompiler.exe after 0.10 seconds
Refreshing native plugins compatible for Editor in 13.25 ms, found 3 plugins.
Preloading 0 native plugins for Editor in 0.00 ms.
Unloading 3221 Unused Serialized files (Serialized files now loaded: 0)
Unloading 43 unused Assets / (63.2 KB). Loaded Objects now: 3675.
Memory consumption went from 133.9 MB to 133.8 MB.
Total: 5.501000 ms (FindLiveObjects: 0.531600 ms CreateObjectMapping: 0.098400 ms MarkObjects: 4.615700 ms  DeleteObjects: 0.254500 ms)

AssetImportParameters requested are different than current active one (requested -> active):
  custom:container-demuxer-ogg: 62fdf1f143b41e24485cea50d1cbac27 -> 
  custom:video-codec-MediaFoundation-h265: 746d11721c4dcdbdad8f713fa42b33f4 -> 
  custom:video-decoder-ogg-theora: a1e56fd34408186e4bbccfd4996cb3dc -> 
  custom:framework-win-MediaFoundation: 216162199b28c13a410421893ffa2e32 -> 
  custom:CustomObjectIndexerAttribute: 6d391050e5a25f67b0a2c618074f2cd9 -> 
  custom:container-demuxer-webm: 4f35f7cbe854078d1ac9338744f61a02 -> 
  custom:container-muxer-webm: aa71ff27fc2769a1b78a27578f13a17b -> 
  custom:video-decoder-webm-vp8: 9c59270c3fd7afecdb556c50c9e8de78 -> 
  custom:SearchIndexIgnoredProperties: e643bd26f0fe6173181afceb89e7c659 -> 
  custom:AudioImporter_EditorPlatform: d09bf68614088b80899f8185d706f6e7 -> 
  custom:video-encoder-webm-vp8: eb34c28f22e8b96e1ab97ce403110664 -> 
  custom:audio-decoder-ogg-vorbis: bf7c407c2cedff20999df2af8eb42d56 -> 
  custom:audio-encoder-webm-vorbis: bf7c407c2cedff20999df2af8eb42d56 -> 
========================================================================
Received Import Request.
  Time since last request: 95760.059201 seconds.
  path: Assets/FIXED PIECES/Blank.prefab
  artifactKey: Guid(ac2ec518a4ac129468a53d4a9307bac3) Importer(815301076,1909f56bfc062723c751e8b465ee728b)
Start importing Assets/FIXED PIECES/Blank.prefab using Guid(ac2ec518a4ac129468a53d4a9307bac3) Importer(815301076,1909f56bfc062723c751e8b465ee728b)  -> (artifact id: 'e5ee88d43e9d0d172d4a016b00524808') in 0.119210 seconds
Number of updated asset objects reloaded before import = 0
Number of asset objects unloaded after import = 15
========================================================================
Received Import Request.
  Time since last request: 0.000052 seconds.
  path: Assets/FIXED PIECES/Straight.prefab
  artifactKey: Guid(04d5bf2e623496647a6bf0958260c1f2) Importer(815301076,1909f56bfc062723c751e8b465ee728b)
Start importing Assets/FIXED PIECES/Straight.prefab using Guid(04d5bf2e623496647a6bf0958260c1f2) Importer(815301076,1909f56bfc062723c751e8b465ee728b)  -> (artifact id: '11f5ba5e85d706934a3e985e55f591ce') in 0.030343 seconds
Number of updated asset objects reloaded before import = 0
Number of asset objects unloaded after import = 39
========================================================================
Received Import Request.
  Time since last request: 0.000069 seconds.
  path: Assets/FIXED PIECES/One Arm.prefab
  artifactKey: Guid(1b1824d37490d044e85de3cfd29756bf) Importer(815301076,1909f56bfc062723c751e8b465ee728b)
Start importing Assets/FIXED PIECES/One Arm.prefab using Guid(1b1824d37490d044e85de3cfd29756bf) Importer(815301076,1909f56bfc062723c751e8b465ee728b)  -> (artifact id: '0cedff7936f1ac505829f3384f53f51c') in 0.025267 seconds
Number of updated asset objects reloaded before import = 0
Number of asset objects unloaded after import = 38
========================================================================
Received Import Request.
  Time since last request: 0.000056 seconds.
  path: Assets/FIXED PIECES/Pocket Flag.prefab
  artifactKey: Guid(4bd63362ffac51e4794039dc8411de03) Importer(815301076,1909f56bfc062723c751e8b465ee728b)
Start importing Assets/FIXED PIECES/Pocket Flag.prefab using Guid(4bd63362ffac51e4794039dc8411de03) Importer(815301076,1909f56bfc062723c751e8b465ee728b)  -> (artifact id: '87946d7394f776dffafb7990690000d0') in 0.034105 seconds
Number of updated asset objects reloaded before import = 0
Number of asset objects unloaded after import = 48
========================================================================
Received Import Request.
  Time since last request: 0.000048 seconds.
  path: Assets/FIXED PIECES/Corner Flag.prefab
  artifactKey: Guid(b8e4f057c91e1e849946ba1cf59d4175) Importer(815301076,1909f56bfc062723c751e8b465ee728b)
Start importing Assets/FIXED PIECES/Corner Flag.prefab using Guid(b8e4f057c91e1e849946ba1cf59d4175) Importer(815301076,1909f56bfc062723c751e8b465ee728b)  -> (artifact id: 'e797e974954b0ceb292504a78f72f897') in 0.017982 seconds
Number of updated asset objects reloaded before import = 0
Number of asset objects unloaded after import = 48
========================================================================
Received Import Request.
  Time since last request: 44.023395 seconds.
  path: Assets/FIXED PIECES/U Piece.prefab
  artifactKey: Guid(14fafee5e9543d94e851a13212c89616) Importer(815301076,1909f56bfc062723c751e8b465ee728b)
Start importing Assets/FIXED PIECES/U Piece.prefab using Guid(14fafee5e9543d94e851a13212c89616) Importer(815301076,1909f56bfc062723c751e8b465ee728b)  -> (artifact id: '561dafc14477938062b4e7cbc2a9bd05') in 0.018640 seconds
Number of updated asset objects reloaded before import = 0
Number of asset objects unloaded after import = 29
========================================================================
Received Import Request.
  Time since last request: 8.529575 seconds.
  path: Assets/FIXED PIECES/Straight Piece.prefab
  artifactKey: Guid(ab96f6397a51ec447b12ebee380e6205) Importer(815301076,1909f56bfc062723c751e8b465ee728b)
Start importing Assets/FIXED PIECES/Straight Piece.prefab using Guid(ab96f6397a51ec447b12ebee380e6205) Importer(815301076,1909f56bfc062723c751e8b465ee728b)  -> (artifact id: '691bfcd98993285d22df7897d4faa720') in 0.014111 seconds
Number of updated asset objects reloaded before import = 0
Number of asset objects unloaded after import = 29
========================================================================
Received Import Request.
  Time since last request: 10.848405 seconds.
  path: Assets/FIXED PIECES/Corner Piece.prefab
  artifactKey: Guid(133fb57007db23a4aa6b42f63801e0e6) Importer(815301076,1909f56bfc062723c751e8b465ee728b)
Start importing Assets/FIXED PIECES/Corner Piece.prefab using Guid(133fb57007db23a4aa6b42f63801e0e6) Importer(815301076,1909f56bfc062723c751e8b465ee728b)  -> (artifact id: '2a53e2976e230d5663df79542b37cdc6') in 0.017620 seconds
Number of updated asset objects reloaded before import = 0
Number of asset objects unloaded after import = 29
========================================================================
Received Import Request.
  Time since last request: 9.388811 seconds.
  path: Assets/FIXED PIECES/U Flag Piece.prefab
  artifactKey: Guid(7a76526d3fc5be647b28e3669c63c592) Importer(815301076,1909f56bfc062723c751e8b465ee728b)
Start importing Assets/FIXED PIECES/U Flag Piece.prefab using Guid(7a76526d3fc5be647b28e3669c63c592) Importer(815301076,1909f56bfc062723c751e8b465ee728b)  -> (artifact id: 'e768dcbd78942dee30cbec0446991e47') in 0.018298 seconds
Number of updated asset objects reloaded before import = 0
Number of asset objects unloaded after import = 58
========================================================================
Received Import Request.
  Time since last request: 273.216693 seconds.
  path: Assets/FIXED PIECES/Double Arm Piece.prefab
  artifactKey: Guid(3b4c849b269c6e445ae0c67ddad88efd) Importer(815301076,1909f56bfc062723c751e8b465ee728b)
Start importing Assets/FIXED PIECES/Double Arm Piece.prefab using Guid(3b4c849b269c6e445ae0c67ddad88efd) Importer(815301076,1909f56bfc062723c751e8b465ee728b)  -> (artifact id: 'e5e2a5be31deecde378120ecc58a3c40') in 0.013978 seconds
Number of updated asset objects reloaded before import = 0
Number of asset objects unloaded after import = 29
========================================================================
Received Import Request.
  Time since last request: 8.910056 seconds.
  path: Assets/FIXED PIECES/Mod Corner Piece.prefab
  artifactKey: Guid(d3e23a4741232494689df7467048c725) Importer(815301076,1909f56bfc062723c751e8b465ee728b)
Start importing Assets/FIXED PIECES/Mod Corner Piece.prefab using Guid(d3e23a4741232494689df7467048c725) Importer(815301076,1909f56bfc062723c751e8b465ee728b)  -> (artifact id: '1254c0ce16139ba1334f26fd4eb4d92a') in 0.022033 seconds
Number of updated asset objects reloaded before import = 0
Number of asset objects unloaded after import = 29
